TN:
SF:parser.js
FN:4,(anonymous_0)
FN:6,(anonymous_1)
FN:12,difference
FN:16,(anonymous_3)
FN:18,(anonymous_4)
FNF:5
FNH:5
FNDA:5,(anonymous_0)
FNDA:5,(anonymous_1)
FNDA:3,difference
FNDA:8,(anonymous_3)
FNDA:5,(anonymous_4)
DA:4,5
DA:6,1
DA:7,5
DA:8,3
DA:9,3
DA:13,3
DA:14,2
DA:15,1
DA:16,8
DA:18,1
DA:19,5
DA:20,5
DA:22,5
DA:23,2
DA:25,3
DA:26,1
DA:28,2
DA:29,1
DA:31,1
DA:34,1
LF:20
LH:20
BRDA:4,0,0,0
BRDA:4,0,1,3
BRDA:22,1,0,2
BRDA:22,1,1,3
BRDA:25,2,0,1
BRDA:25,2,1,2
BRDA:28,3,0,1
BRDA:28,3,1,1
BRF:8
BRH:7
end_of_record
