TN:
SF:src\diference.js
FN:3,difference
FN:7,(anonymous_1)
FN:9,(anonymous_2)
FNF:3
FNH:3
FNDA:5,difference
FNDA:16,(anonymous_1)
FNDA:10,(anonymous_2)
DA:4,5
DA:5,2
DA:6,2
DA:7,16
DA:9,2
DA:10,10
DA:11,10
DA:13,10
DA:14,4
DA:16,6
DA:17,2
DA:19,4
DA:20,2
DA:22,2
DA:25,2
LF:15
LH:15
BRDA:13,0,0,4
BRDA:13,0,1,6
BRDA:16,1,0,2
BRDA:16,1,1,4
BRDA:19,2,0,2
BRDA:19,2,1,2
BRF:6
BRH:6
end_of_record
TN:
SF:src\parser.js
FN:5,(anonymous_0)
FN:7,(anonymous_1)
FNF:2
FNH:2
FNDA:6,(anonymous_0)
FNDA:7,(anonymous_1)
DA:5,6
DA:7,1
DA:8,7
DA:9,6
DA:10,6
DA:11,5
DA:12,2
DA:14,3
DA:15,2
DA:17,1
LF:10
LH:10
BRDA:5,0,0,5
BRDA:5,0,1,1
BRDA:11,1,0,2
BRDA:11,1,1,3
BRDA:14,2,0,2
BRDA:14,2,1,1
BRDA:14,3,0,3
BRDA:14,3,1,2
BRF:8
BRH:8
end_of_record
